[debug] [2022-12-28T16:13:56.106Z] ----------------------------------------------------------------------
[debug] [2022-12-28T16:13:56.108Z] Command:       C:\Program Files\nodejs\node.exe C:\Users\iqbal\AppData\Roaming\npm\node_modules\firebase-tools\lib\bin\firebase.js init
[debug] [2022-12-28T16:13:56.108Z] CLI Version:   11.14.4
[debug] [2022-12-28T16:13:56.108Z] Platform:      win32
[debug] [2022-12-28T16:13:56.108Z] Node Version:  v16.15.0
[debug] [2022-12-28T16:13:56.109Z] Time:          Wed Dec 28 2022 22:13:56 GMT+0600 (Bangladesh Standard Time)
[debug] [2022-12-28T16:13:56.109Z] ----------------------------------------------------------------------
[debug] 
[debug] [2022-12-28T16:13:56.113Z] >>> [apiv2][query] GET https://firebase-public.firebaseio.com/cli.json [none]
[debug] [2022-12-28T16:13:56.133Z] > command requires scopes: ["email","openid","https://www.googleapis.com/auth/cloudplatformprojects.readonly","https://www.googleapis.com/auth/firebase","https://www.googleapis.com/auth/cloud-platform"]
[debug] [2022-12-28T16:13:56.134Z] > authorizing via signed-in user (mdiqbalhossain6463@gmail.com)
[info] 
     ######## #### ########  ######## ########     ###     ######  ########
     ##        ##  ##     ## ##       ##     ##  ##   ##  ##       ##
     ######    ##  ########  ######   ########  #########  ######  ######
     ##        ##  ##    ##  ##       ##     ## ##     ##       ## ##
     ##       #### ##     ## ######## ########  ##     ##  ######  ########

You're about to initialize a Firebase project in this directory:

  C:\reactProjects\task-management-albatrossProject\task-management-client

Before we get started, keep in mind:

  * You are currently outside your home directory

[debug] [2022-12-28T16:13:56.914Z] <<< [apiv2][status] GET https://firebase-public.firebaseio.com/cli.json 200
[debug] [2022-12-28T16:13:56.914Z] <<< [apiv2][body] GET https://firebase-public.firebaseio.com/cli.json {"cloudBuildErrorAfter":1594252800000,"cloudBuildWarnAfter":1590019200000,"defaultNode10After":1594252800000,"minVersion":"3.0.5","node8DeploysDisabledAfter":1613390400000,"node8RuntimeDisabledAfter":1615809600000,"node8WarnAfter":1600128000000}
